<?xml version="1.0" encoding="UTF-8"?>
<!-- Generated by org.testng.reporters.JUnitReportReporter -->
<testsuite skipped="0" hostname="DESKTOP-FESDI7U" name="API_ALL_Code.apiTesting.Test_Hello" tests="1" failures="0" timestamp="14 Jul 2020 14:02:39 GMT" time="0.009" errors="0">
  <testcase name="test_test1" time="0.009" classname="API_ALL_Code.apiTesting.Test_Hello"/>
</testsuite> <!-- API_ALL_Code.apiTesting.Test_Hello -->
